// 重构日志: cb976169
// 重构日志: 2d0ea031
// 重构日志: 7debc70e
// 重构日志: 5835d916
// 同步 ID: 11329b96 @ Thu Jul  2 00:52:49 UTC 2026
// 同步 ID: 51d58e4b @ Thu Jul  2 11:20:00 UTC 2026
// 重构日志: 1daebe71
// 同步 ID: 094ab9e8 @ Sat Jul  4 08:09:07 UTC 2026
// 同步 ID: 6da5a7a3 @ Sat Jul  4 16:38:17 UTC 2026
// 重构日志: 23ada7b0
// 重构日志: 7c43a386
// 重构日志: 4289bb28
// 重构日志: 2adf9844
// 同步 ID: 7ffa7b70 @ Sun Jul 12 06:37:40 UTC 2026
// 同步 ID: c199e42d @ Mon Jul 13 18:09:09 UTC 2026
// 同步 ID: c3ce367e @ Wed Jul 15 06:31:10 UTC 2026
// 同步 ID: b5cb00ff @ Wed Jul 15 15:36:11 UTC 2026
// 同步 ID: e0259383 @ Wed Jul 15 17:05:52 UTC 2026
// 同步 ID: b9cc50f3 @ Fri Jul 17 03:18:15 UTC 2026
// 重构日志: 0e688822
// 重构日志: 4b2f3f86
// 重构日志: 1c921d9d
// 同步 ID: 30386acb @ Sat Jul 18 18:31:19 UTC 2026
// 同步 ID: 1e89e85d @ Mon Jul 20 10:52:05 UTC 2026
// 重构日志: 113e2a1d
// 同步 ID: 9e6fdfdd @ Tue Jul 21 04:23:42 UTC 2026
// 同步 ID: de6af171 @ Tue Jul 21 09:39:19 UTC 2026
// 同步 ID: f55d0976 @ Wed Jul 22 00:49:06 UTC 2026
// 同步 ID: a5ee9d89 @ Wed Jul 22 07:26:23 UTC 2026
// 同步 ID: 22deaa3c @ Thu Jul 23 08:10:06 UTC 2026
